<?xml version="1.0" encoding="UTF-8"?>
<testsuite xmlns:xsi="http://www.w3.org/2001/XMLSchema-instance" xsi:noNamespaceSchemaLocation="https://maven.apache.org/surefire/maven-surefire-plugin/xsd/surefire-test-report-3.0.xsd" version="3.0" name="ExampleTest" time="0.122" tests="4" errors="0" skipped="0" failures="0">
  <properties>
[...]
</properties>
  <testcase name="testGosha" classname="ExampleTest" time="0.058"/>
  <testcase name="testJamil" classname="ExampleTest" time="0.003"/>
  <testcase name="testMisha" classname="ExampleTest" time="0.003"/>
  <testcase name="testNahid" classname="ExampleTest" time="0.003"/>
</testsuite>